#
# A fatal error has been detected by the Java Runtime Environment:
#
#  Internal Error (javaClasses.cpp:129), pid=5008, tid=3712
#  fatal error: Invalid layout of preloaded class
#
# JRE version: 7.0_09-b05
# Java VM: Java HotSpot(TM) Client VM (23.5-b02 mixed mode windows-x86 )
# Failed to write core dump. Minidumps are not enabled by default on client versions of Windows
#
# If you would like to submit a bug report, please visit:
#   http://bugreport.sun.com/bugreport/crash.jsp
#

---------------  T H R E A D  ---------------

Current thread (0x004eac00):  JavaThread "Unknown thread" [_thread_in_vm, id=3712, stack(0x00af0000,0x00b40000)]

Stack: [0x00af0000,0x00b40000],  sp=0x00b3f7c0,  free space=317k
Native frames: (J=compiled Java code, j=interpreted, Vv=VM code, C=native code)
V  [jvm.dll+0x16f2f1]
V  [jvm.dll+0x169496]
V  [jvm.dll+0x2082f]
V  [jvm.dll+0x208b6]
V  [jvm.dll+0x2e64d]
V  [jvm.dll+0x2e8f9]
V  [jvm.dll+0x77d01]
V  [jvm.dll+0x780bb]
V  [jvm.dll+0x1290e1]
V  [jvm.dll+0x149b8a]
V  [jvm.dll+0xa997f]
C  [javaw.exe+0x1359]
C  [javaw.exe+0x1dbb]
C  [javaw.exe+0xa0eb]
C  [javaw.exe+0xa175]
C  [kernel32.dll+0x4ed6c]  BaseThreadInitThunk+0x12
C  [ntdll.dll+0x6377b]  RtlInitializeExceptionChain+0xef
C  [ntdll.dll+0x6374e]  RtlInitializeExceptionChain+0xc2


---------------  P R O C E S S  ---------------

Java Threads: ( => current thread )

Other Threads:

=>0x004eac00 (exited) JavaThread "Unknown thread" [_thread_in_vm, id=3712, stack(0x00af0000,0x00b40000)]

VM state:not at safepoint (not fully initialized)

VM Mutex/Monitor currently owned by a thread: None

GC Heap History (0 events):
No events

Deoptimization events (0 events):
No events

Internal exceptions (0 events):
No events

Events (10 events):
Event: 0.014 loading class 0x00bf3890 done
Event: 0.014 loading class 0x00bf2d80 done
Event: 0.014 loading class 0x00bf2d58
Event: 0.014 loading class 0x00c5d2e8
Event: 0.015 loading class 0x00c5d2e8 done
Event: 0.015 loading class 0x00c5d320
Event: 0.015 loading class 0x00c5d320 done
Event: 0.015 loading class 0x00c5be48
Event: 0.015 loading class 0x00c5be48 done
Event: 0.015 loading class 0x00bf2d58 done


Dynamic libraries:
0x00de0000 - 0x00e0f000 	C:\Program Files\Java\jre7\bin\javaw.exe
0x77710000 - 0x7784c000 	C:\Windows\SYSTEM32\ntdll.dll
0x76f70000 - 0x77044000 	C:\Windows\system32\kernel32.dll
0x75b30000 - 0x75b7b000 	C:\Windows\system32\KERNELBASE.dll
0x772c0000 - 0x77360000 	C:\Windows\system32\ADVAPI32.dll
0x760f0000 - 0x7619c000 	C:\Windows\system32\msvcrt.dll
0x77850000 - 0x77869000 	C:\Windows\SYSTEM32\sechost.dll
0x75cd0000 - 0x75d71000 	C:\Windows\system32\RPCRT4.dll
0x773c0000 - 0x77489000 	C:\Windows\system32\USER32.dll
0x778f0000 - 0x7793e000 	C:\Windows\system32\GDI32.dll
0x75cc0000 - 0x75cca000 	C:\Windows\system32\LPK.dll
0x75d80000 - 0x75e1d000 	C:\Windows\system32\USP10.dll
0x745e0000 - 0x7477e000 	C:\Windows\WinSxS\x86_microsoft.windows.common-controls_6595b64144ccf1df_6.0.7601.17514_none_41e6975e2bd6f2b2\COMCTL32.dll
0x762c0000 - 0x76317000 	C:\Windows\system32\SHLWAPI.dll
0x778c0000 - 0x778df000 	C:\Windows\system32\IMM32.DLL
0x75ff0000 - 0x760bc000 	C:\Windows\system32\MSCTF.dll
0x6bc30000 - 0x6bcee000 	C:\Program Files\Java\jre7\bin\msvcr100.dll
0x5bef0000 - 0x5c23d000 	C:\Program Files\Java\jre7\bin\client\jvm.dll
0x73070000 - 0x73077000 	C:\Windows\system32\WSOCK32.dll
0x77050000 - 0x77085000 	C:\Windows\system32\WS2_32.dll
0x75fe0000 - 0x75fe6000 	C:\Windows\system32\NSI.dll
0x74420000 - 0x74452000 	C:\Windows\system32\WINMM.dll
0x778e0000 - 0x778e5000 	C:\Windows\system32\PSAPI.DLL
0x74010000 - 0x7401c000 	C:\Program Files\Java\jre7\bin\verify.dll
0x73710000 - 0x73730000 	C:\Program Files\Java\jre7\bin\java.dll
0x736f0000 - 0x73703000 	C:\Program Files\Java\jre7\bin\zip.dll
0x72450000 - 0x7253b000 	C:\Windows\system32\dbghelp.dll

VM Arguments:
jvm_args: -Dfile.encoding=Cp1251 -Xbootclasspath:C:\android\platforms\android-16\android.jar 
java_command: org.eclipse.jdt.internal.junit.runner.RemoteTestRunner -version 3 -port 58636 -testLoaderClass org.eclipse.jdt.internal.junit.runner.junit3.JUnit3TestLoader -loaderpluginname org.eclipse.jdt.junit.runtime -classNames com.gkv.mycalculator.MyTests
Launcher Type: SUN_STANDARD

Environment Variables:
PATH=C:/Program Files/Java/jre7/bin/client;C:/Program Files/Java/jre7/bin;C:/Program Files/Java/jre7/lib/i386;D:\Informatics\vkontakte\site\bin;D:\Informatics\vkontakte\bin;C:\Windows\system32;C:\Windows;C:\Windows\System32\Wbem;C:\Windows\System32\WindowsPowerShell\v1.0\;C:\Program Files\ATI Technologies\ATI.ACE\Core-Static;C:\Program Files\WIDCOMM\Bluetooth Software\;C:\FPC\2.4.4\bin\i386-Win32;C:\Users\Georgy\Documents\Borland Studio Projects\Bpl;;C:\Program Files\Free Pascal\bin\i386-Win32;C:\FPC\2.4.0\bin\i386-Win32;C:\FPC\2.4.0\bin\i386-Win32;C:\eclipse;
USERNAME=Georgy
OS=Windows_NT
PROCESSOR_IDENTIFIER=x86 Family 6 Model 37 Stepping 2, GenuineIntel



---------------  S Y S T E M  ---------------

OS: Windows 7 Build 7601 Service Pack 1

CPU:total 4 (2 cores per cpu, 2 threads per core) family 6 model 37 stepping 2, cmov, cx8, fxsr, mmx, sse, sse2, sse3, ssse3, sse4.1, sse4.2, popcnt, ht, tsc, tscinvbit

Memory: 4k page, physical 3133952k(1132792k free), swap 6266152k(4014692k free)

vm_info: Java HotSpot(TM) Client VM (23.5-b02) for windows-x86 JRE (1.7.0_09-b05), built on Sep 24 2012 22:01:33 by "java_re" with unknown MS VC++:1600

time: Wed Nov 14 02:55:37 2012
elapsed time: 0 seconds

